<?xml version="1.0" encoding="UTF-8"?>
<!-- Generated by org.testng.reporters.JUnitReportReporter -->
<testsuite hostname="Administrator" failures="0" tests="4" name="CalculatorTest" time="0.005" errors="0" timestamp="2023-12-01T13:30:47 WIB" skipped="0">
  <testcase classname="CalculatorTest" name="TestPenjumlahan" time="0.005"/>
  <system-out/>
  <testcase classname="CalculatorTest" name="TestPengurangan" time="0.000"/>
  <system-out/>
  <testcase classname="CalculatorTest" name="TestPerkalian" time="0.000"/>
  <system-out/>
  <testcase classname="CalculatorTest" name="TestPembagian" time="0.000"/>
  <system-out/>
</testsuite> <!-- CalculatorTest -->
